<?xml version="1.0" encoding="UTF-8"?>
<testsuite name="com.tamercad.ui.Phase2082Test" tests="2" skipped="0" failures="0" errors="0" timestamp="2026-08-14T16:12:04" hostname="DESKTOP-OUQLP2N" time="0.001">
  <properties/>
  <testcase name="testSelectionModeToggle" classname="com.tamercad.ui.Phase2082Test" time="0.0"/>
  <testcase name="testBrowserPinStateToggle" classname="com.tamercad.ui.Phase2082Test" time="0.001"/>
  <system-out><![CDATA[]]></system-out>
  <system-err><![CDATA[]]></system-err>
</testsuite>
