<?xml version="1.0" encoding="UTF-8"?>
<testsuite name="com.tamercad.ui.Phase206Test" tests="4" skipped="0" failures="0" errors="0" timestamp="2026-08-11T20:11:05" hostname="DESKTOP-OUQLP2N" time="0.003">
  <properties/>
  <testcase name="testArcThreeSeparateTaps" classname="com.tamercad.ui.Phase206Test" time="0.001"/>
  <testcase name="testDragConvenienceShortcut" classname="com.tamercad.ui.Phase206Test" time="0.0"/>
  <testcase name="testStylusTapWithoutMoveRecognized" classname="com.tamercad.ui.Phase206Test" time="0.001"/>
  <testcase name="testContinuousLineTapHoverTapWithoutMove" classname="com.tamercad.ui.Phase206Test" time="0.001"/>
  <system-out><![CDATA[]]></system-out>
  <system-err><![CDATA[]]></system-err>
</testsuite>
