<?xml version="1.0" encoding="UTF-8"?>
<testsuite name="com.tamercad.ui.Phase20822Test" tests="4" skipped="0" failures="0" errors="0" timestamp="2026-08-14T16:12:04" hostname="DESKTOP-OUQLP2N" time="0.003">
  <properties/>
  <testcase name="testBrowserToggle" classname="com.tamercad.ui.Phase20822Test" time="0.001"/>
  <testcase name="testBrowserOpenDoesNotDependOnPin" classname="com.tamercad.ui.Phase20822Test" time="0.001"/>
  <testcase name="testSafeDefaultPositionOnInvalidState" classname="com.tamercad.ui.Phase20822Test" time="0.0"/>
  <testcase name="testBrowserExplicitOpen" classname="com.tamercad.ui.Phase20822Test" time="0.001"/>
  <system-out><![CDATA[]]></system-out>
  <system-err><![CDATA[]]></system-err>
</testsuite>
