<?xml version="1.0" encoding="UTF-8"?>
<testsuite name="com.tamercad.ui.Phase206Test" tests="6" skipped="0" failures="0" errors="0" timestamp="2026-08-11T17:22:05" hostname="DESKTOP-OUQLP2N" time="0.101">
  <properties/>
  <testcase name="testArcThreePointInteraction" classname="com.tamercad.ui.Phase206Test" time="0.091"/>
  <testcase name="testMultiPlanePersistence" classname="com.tamercad.ui.Phase206Test" time="0.002"/>
  <testcase name="testRectangleInteraction" classname="com.tamercad.ui.Phase206Test" time="0.002"/>
  <testcase name="testRealCommitIncrementsDocumentCount" classname="com.tamercad.ui.Phase206Test" time="0.001"/>
  <testcase name="testContinuousLineTapHoverTap" classname="com.tamercad.ui.Phase206Test" time="0.003"/>
  <testcase name="testCircleCenterRadiusInteraction" classname="com.tamercad.ui.Phase206Test" time="0.001"/>
  <system-out><![CDATA[]]></system-out>
  <system-err><![CDATA[]]></system-err>
</testsuite>
