<?xml version="1.0" encoding="UTF-8"?>
<testsuite name="com.tamercad.ui.Phase201Test" tests="3" skipped="0" failures="0" errors="0" timestamp="2026-08-10T17:49:00" hostname="DESKTOP-OUQLP2N" time="0.025">
  <properties/>
  <testcase name="testLineCommitDoesNotMutateOnNextDown" classname="com.tamercad.ui.Phase201Test" time="0.01"/>
  <testcase name="testIdleToOrbitRebase" classname="com.tamercad.ui.Phase201Test" time="0.002"/>
  <testcase name="testCoordinateRoundTrip" classname="com.tamercad.ui.Phase201Test" time="0.013"/>
  <system-out><![CDATA[]]></system-out>
  <system-err><![CDATA[]]></system-err>
</testsuite>
