<?xml version="1.0" encoding="UTF-8"?>
<testsuite name="com.tamercad.core.math.VectorMathTest" tests="2" skipped="0" failures="0" errors="0" timestamp="2026-08-11T20:11:05" hostname="DESKTOP-OUQLP2N" time="0.002">
  <properties/>
  <testcase name="testVectorNormalization" classname="com.tamercad.core.math.VectorMathTest" time="0.002"/>
  <testcase name="testVectorDotProduct" classname="com.tamercad.core.math.VectorMathTest" time="0.0"/>
  <system-out><![CDATA[]]></system-out>
  <system-err><![CDATA[]]></system-err>
</testsuite>
