<?xml version="1.0" encoding="UTF-8"?>
<testsuite name="com.tamercad.ui.Phase20821Test" tests="4" skipped="0" failures="0" errors="0" timestamp="2026-08-14T16:12:04" hostname="DESKTOP-OUQLP2N" time="0.005">
  <properties/>
  <testcase name="testBrowserDefaultPositionOnFreshLaunch" classname="com.tamercad.ui.Phase20821Test" time="0.004"/>
  <testcase name="testBrowserPositionBeyondRightEdgeIsClamped" classname="com.tamercad.ui.Phase20821Test" time="0.001"/>
  <testcase name="testBrowserNegativePositionIsClamped" classname="com.tamercad.ui.Phase20821Test" time="0.0"/>
  <testcase name="testBrowserPinDoesNotHideBrowser" classname="com.tamercad.ui.Phase20821Test" time="0.0"/>
  <system-out><![CDATA[]]></system-out>
  <system-err><![CDATA[]]></system-err>
</testsuite>
