<?xml version="1.0" encoding="UTF-8"?>
<testsuite name="com.tamercad.ui.Phase208Test" tests="7" skipped="0" failures="0" errors="0" timestamp="2026-08-14T16:12:04" hostname="DESKTOP-OUQLP2N" time="0.004">
  <properties/>
  <testcase name="testMultiDelete" classname="com.tamercad.ui.Phase208Test" time="0.001"/>
  <testcase name="testMultiSelectAddsSameSketchEntity" classname="com.tamercad.ui.Phase208Test" time="0.0"/>
  <testcase name="testDeleteRemovesFromOwnerSketch" classname="com.tamercad.ui.Phase208Test" time="0.0"/>
  <testcase name="testSelectingInactiveSketchEntityChangesActiveSketch" classname="com.tamercad.ui.Phase208Test" time="0.001"/>
  <testcase name="testCrossSketchMultiSelectClearsPreviousGroup" classname="com.tamercad.ui.Phase208Test" time="0.001"/>
  <testcase name="testMultiSelectToggleRemovesSelectedEntity" classname="com.tamercad.ui.Phase208Test" time="0.0"/>
  <testcase name="testEmptyViewportTapClearsSelection" classname="com.tamercad.ui.Phase208Test" time="0.001"/>
  <system-out><![CDATA[]]></system-out>
  <system-err><![CDATA[]]></system-err>
</testsuite>
