<?xml version="1.0" encoding="UTF-8"?>
<testsuite name="com.tamercad.ui.Phase20824Test" tests="4" skipped="0" failures="0" errors="0" timestamp="2026-08-14T16:12:04" hostname="DESKTOP-OUQLP2N" time="0.001">
  <properties/>
  <testcase name="testUnpinnedObjectTreeClosesOnTransientPanel" classname="com.tamercad.ui.Phase20824Test" time="0.001"/>
  <testcase name="testObjectTreeClampAllowsHeaderToBeVisible" classname="com.tamercad.ui.Phase20824Test" time="0.0"/>
  <testcase name="testObjectTreeHeaderDragUpdatesOffset" classname="com.tamercad.ui.Phase20824Test" time="0.0"/>
  <testcase name="testPinnedObjectTreeSurvivesCategoryChange" classname="com.tamercad.ui.Phase20824Test" time="0.0"/>
  <system-out><![CDATA[]]></system-out>
  <system-err><![CDATA[]]></system-err>
</testsuite>
