<?xml version="1.0" encoding="UTF-8"?>
<testsuite name="com.tamercad.ui.Phase201Test" tests="3" skipped="0" failures="0" errors="0" timestamp="2026-08-11T22:46:07" hostname="DESKTOP-OUQLP2N" time="0.016">
  <properties/>
  <testcase name="testScreenToSketchToScreenAlignment" classname="com.tamercad.ui.Phase201Test" time="0.005"/>
  <testcase name="testLineCommitDoesNotMutateOnNextDown" classname="com.tamercad.ui.Phase201Test" time="0.01"/>
  <testcase name="testLineCommitAppendsToDocument" classname="com.tamercad.ui.Phase201Test" time="0.001"/>
  <system-out><![CDATA[]]></system-out>
  <system-err><![CDATA[]]></system-err>
</testsuite>
