<?xml version="1.0" encoding="UTF-8"?>
<testsuite name="com.tamercad.ui.Phase204Test" tests="2" skipped="0" failures="0" errors="0" timestamp="2026-08-11T20:11:05" hostname="DESKTOP-OUQLP2N" time="0.005">
  <properties/>
  <testcase name="testSecondLineAppends" classname="com.tamercad.ui.Phase204Test" time="0.002"/>
  <testcase name="testArcInteractionStages" classname="com.tamercad.ui.Phase204Test" time="0.003"/>
  <system-out><![CDATA[]]></system-out>
  <system-err><![CDATA[]]></system-err>
</testsuite>
