<?xml version="1.0" encoding="UTF-8"?>
<testsuite name="com.tamercad.core.sketch.SketchEntityTest" tests="3" skipped="0" failures="0" errors="0" timestamp="2026-08-11T17:22:06" hostname="DESKTOP-OUQLP2N" time="0.001">
  <properties/>
  <testcase name="testSketchCircle" classname="com.tamercad.core.sketch.SketchEntityTest" time="0.0"/>
  <testcase name="testRectangleLogic" classname="com.tamercad.core.sketch.SketchEntityTest" time="0.0"/>
  <testcase name="testSketchLine" classname="com.tamercad.core.sketch.SketchEntityTest" time="0.001"/>
  <system-out><![CDATA[]]></system-out>
  <system-err><![CDATA[]]></system-err>
</testsuite>
