<?xml version="1.0" encoding="UTF-8"?>
<testsuite name="com.tamercad.ui.Phase203Test" tests="3" skipped="0" failures="0" errors="0" timestamp="2026-08-11T15:39:23" hostname="DESKTOP-OUQLP2N" time="0.007">
  <properties/>
  <testcase name="testEntityRenderProjectionChangesWithOrbit" classname="com.tamercad.ui.Phase203Test" time="0.001"/>
  <testcase name="testXZPlaneAlignment" classname="com.tamercad.ui.Phase203Test" time="0.0"/>
  <testcase name="testIndependentSketchesOnDifferentPlanes" classname="com.tamercad.ui.Phase203Test" time="0.006"/>
  <system-out><![CDATA[]]></system-out>
  <system-err><![CDATA[]]></system-err>
</testsuite>
